<?xml version="1.0" encoding="UTF-8"?>
<!-- Generated by org.testng.reporters.JUnitReportReporter -->
<testsuite skipped="0" hostname="LAPTOP-CLIP7DDS" name="Completecode.Rerun" tests="1" failures="0" timestamp="2021-04-11T20:29:54 IST" time="52.874" errors="0">
  <testcase name="grootanrerunandcompare" time="52.874" classname="Completecode.Rerun"/>
  <system-out/>
</testsuite> <!-- Completecode.Rerun -->
