<?xml version="1.0" encoding="UTF-8"?>
<!-- Generated by org.testng.reporters.JUnitReportReporter -->
<testsuite skipped="0" hostname="LAPTOP-CLIP7DDS" name="Completecode.Grootan" tests="1" failures="0" timestamp="2021-04-18T16:18:59 IST" time="9.445" errors="0">
  <testcase name="test" time="9.445" classname="Completecode.Grootan"/>
  <system-out/>
</testsuite> <!-- Completecode.Grootan -->
