<?xml version="1.0" encoding="UTF-8"?>
<!-- Generated by org.testng.reporters.JUnitReportReporter -->
<testsuite skipped="0" hostname="LAPTOP-CLIP7DDS" name="Completecode.Rerun" tests="1" failures="0" timestamp="2021-04-18T16:18:59 IST" time="8.422" errors="0">
  <testcase name="grootanrerunandcompare" time="8.422" classname="Completecode.Rerun"/>
  <system-out/>
</testsuite> <!-- Completecode.Rerun -->
