<?xml version="1.0" encoding="UTF-8"?>
<!-- Generated by org.testng.reporters.JUnitReportReporter -->
<testsuite skipped="0" hostname="LAPTOP-CLIP7DDS" name="Grootanpackage.WriteExcelTest" tests="1" failures="0" timestamp="2021-02-27T17:31:11 IST" time="7.923" errors="0">
  <testcase name="junier" time="7.923" classname="Grootanpackage.WriteExcelTest"/>
  <system-out/>
</testsuite> <!-- Grootanpackage.WriteExcelTest -->
