<?xml version="1.0" encoding="UTF-8"?>
<!-- Generated by org.testng.reporters.JUnitReportReporter -->
<testsuite skipped="0" hostname="LAPTOP-CLIP7DDS" name="Completecode.Imagecompare" tests="1" failures="0" timestamp="2021-04-11T20:32:49 IST" time="18.119" errors="0">
  <testcase name="comparison" time="18.119" classname="Completecode.Imagecompare"/>
  <system-out/>
</testsuite> <!-- Completecode.Imagecompare -->
