<?xml version="1.0" encoding="UTF-8"?>
<!-- Generated by org.testng.reporters.JUnitReportReporter -->
<testsuite skipped="0" hostname="LAPTOP-CLIP7DDS" name="Completecode.Grootan" tests="1" failures="0" timestamp="2021-04-11T20:29:54 IST" time="34.528" errors="0">
  <testcase name="test" time="34.528" classname="Completecode.Grootan"/>
  <system-out/>
</testsuite> <!-- Completecode.Grootan -->
