<?xml version="1.0" encoding="UTF-8"?>
<!-- Generated by org.testng.reporters.JUnitReportReporter -->
<testsuite skipped="0" hostname="LAPTOP-CLIP7DDS" name="Excelpackage.Newtest" tests="1" failures="0" timestamp="2021-02-26T20:49:37 IST" time="9.913" errors="0">
  <testcase name="junier" time="9.913" classname="Excelpackage.Newtest"/>
  <system-out/>
</testsuite> <!-- Excelpackage.Newtest -->
