<?xml version="1.0" encoding="UTF-8"?>
<!-- Generated by org.testng.reporters.JUnitReportReporter -->
<testsuite skipped="0" hostname="LAPTOP-CLIP7DDS" name="Grootanpackage.Imagecompare" tests="1" failures="0" timestamp="2021-02-14T14:56:54 IST" time="6.381" errors="0">
  <testcase name="comparison" time="6.381" classname="Grootanpackage.Imagecompare"/>
  <system-out/>
</testsuite> <!-- Grootanpackage.Imagecompare -->
