<?xml version="1.0" encoding="UTF-8"?>
<!-- Generated by org.testng.reporters.JUnitReportReporter -->
<testsuite skipped="0" hostname="LAPTOP-CLIP7DDS" name="Grootanpackage.Testname" tests="1" failures="0" timestamp="2021-02-21T15:36:55 IST" time="6.512" errors="0">
  <testcase name="junier" time="6.512" classname="Grootanpackage.Testname"/>
  <system-out/>
</testsuite> <!-- Grootanpackage.Testname -->
