<?xml version="1.0" encoding="UTF-8"?>
<!-- Generated by org.testng.reporters.JUnitReportReporter -->
<testsuite skipped="0" hostname="LAPTOP-CLIP7DDS" name="Grootanpackage.Newexcelcode" tests="1" failures="0" timestamp="2021-02-21T15:11:11 IST" time="6.536" errors="0">
  <testcase name="junier" time="6.536" classname="Grootanpackage.Newexcelcode"/>
  <system-out/>
</testsuite> <!-- Grootanpackage.Newexcelcode -->
